[2026-01-26 15:44:19] [Info] No remote repository is configured for this project.
[2026-01-26 15:46:38] [Info] Staging all changes for commit...
[2026-01-26 15:46:38] [Info] Creating commit...
[2026-01-26 15:46:38] [Success] Initial commit created successfully
[2026-01-26 15:46:38] [Info] Adding remote repository: https://github.com/DeeLiverance/ElevenLabs_Widgets.git
[2026-01-26 15:46:57] [Info] Updated remote to use SSH URL: git@github.com:DeeLiverance/ElevenLabs_Widgets.git
[2026-01-26 15:47:00] [Info] Pushing initial commit to remote...
[2026-01-26 15:47:02] [Error] ! Push failed. Output: ERROR: Repository not found.
fatal: Could not read from remote repository.

Please make sure you have the correct access rights
and the repository exists.

[2026-01-26 15:47:02] [Error] Error initializing repository: Failed to push changes to remote
[2026-01-26 15:47:02] [Info] Starting Git Sync on branch: master (Commit: 3748768)
[2026-01-26 15:47:02] [Info] Pulling changes from origin/master (Attempt 1/3)...
[2026-01-26 15:47:02] [Warning] Pull attempt 1 failed. Retrying in 5 seconds...
[2026-01-26 15:47:07] [Info] Pulling changes from origin/master (Attempt 2/3)...
[2026-01-26 15:47:07] [Warning] Pull attempt 2 failed. Retrying in 5 seconds...
[2026-01-26 15:47:12] [Info] Pulling changes from origin/master (Attempt 3/3)...
[2026-01-26 15:47:13] [Error] Failed to pull after 3 attempts: error: cannot pull with rebase: You have unstaged changes.
error: Please commit or stash them.

[2026-01-26 15:47:13] [Error] Failed to pull changes. Aborting.
